<?xml version="1.0" encoding="UTF-8"?>
<!-- Generated by org.testng.reporters.JUnitReportReporter -->
<testsuite hostname="DESKTOP-D52PHM3" failures="0" tests="7" name="com.it_academy.test.onliner.ProductPagesTest" time="68.950" errors="0" timestamp="2023-05-01T16:25:11 MSK" skipped="0">
  <testcase classname="com.it_academy.test.onliner.ProductPagesTest" name="testIsElementsDescriptionPresentUnderEachElementsTitle" time="16.163"/>
  <system-out/>
  <testcase classname="com.it_academy.test.onliner.ProductPagesTest" name="testIsVerticalListOfSpecifiedSectionsExists" time="9.020"/>
  <system-out/>
  <testcase classname="com.it_academy.test.onliner.ProductPagesTest" name="testIsElementsPresentInAccessoriesSection" time="5.035"/>
  <system-out/>
  <testcase classname="com.it_academy.test.onliner.ProductPagesTest" name="testIsSectionsTitlesExists" time="4.293"/>
  <system-out/>
  <testcase classname="com.it_academy.test.onliner.ProductPagesTest" name="testIsTitlesOfFooterExist" time="0.691"/>
  <system-out/>
  <testcase classname="com.it_academy.test.onliner.ProductPagesTest" name="testIsFullDescriptionOfEachProductExists" time="22.360"/>
  <system-out/>
  <testcase classname="com.it_academy.test.onliner.ProductPagesTest" name="testIsSchemaFilterExist" time="11.388"/>
  <system-out/>
</testsuite> <!-- com.it_academy.test.onliner.ProductPagesTest -->
