<?xml version="1.0" encoding="UTF-8"?>
<!-- Generated by org.testng.reporters.JUnitReportReporter -->
<testsuite hostname="DESKTOP-D52PHM3" failures="0" tests="7" name="com.it_academy.onliner.test.web.ProductPagesTest" time="48.608" errors="0" timestamp="2023-05-17T02:00:11 MSK" skipped="0">
  <testcase classname="com.it_academy.onliner.test.web.ProductPagesTest" name="testIsElementsPresentInAccessoriesSection" time="5.628"/>
  <system-out/>
  <testcase classname="com.it_academy.onliner.test.web.ProductPagesTest" name="testIsElementsDescriptionPresentUnderEachElementsTitle" time="10.354"/>
  <system-out/>
  <testcase classname="com.it_academy.onliner.test.web.ProductPagesTest" name="testIsVerticalListOfSpecifiedSectionsExists" time="6.615"/>
  <system-out/>
  <testcase classname="com.it_academy.onliner.test.web.ProductPagesTest" name="testIsFullDescriptionOfEachProductExists" time="12.403"/>
  <system-out/>
  <testcase classname="com.it_academy.onliner.test.web.ProductPagesTest" name="testIsSectionsTitlesExists" time="2.702"/>
  <system-out/>
  <testcase classname="com.it_academy.onliner.test.web.ProductPagesTest" name="testIsSchemaFilterExist" time="10.658"/>
  <system-out/>
  <testcase classname="com.it_academy.onliner.test.web.ProductPagesTest" name="testIsTitlesOfFooterExist" time="0.248"/>
  <system-out/>
</testsuite> <!-- com.it_academy.onliner.test.web.ProductPagesTest -->
