<?xml version="1.0" encoding="UTF-8"?>
<!-- Generated by org.testng.reporters.JUnitReportReporter -->
<testsuite hostname="DESKTOP-D52PHM3" failures="0" tests="8" name="com.it_academy.onliner.test.web.ProductPagesTest" time="47.674" errors="0" timestamp="2023-05-21T21:37:15 MSK" skipped="0">
  <testcase classname="com.it_academy.onliner.test.web.ProductPagesTest" name="testIsSchemaFilterExist" time="11.830"/>
  <system-out/>
  <testcase classname="com.it_academy.onliner.test.web.ProductPagesTest" name="testIsVerticalListOfSpecifiedSectionsExists" time="6.330"/>
  <system-out/>
  <testcase classname="com.it_academy.onliner.test.web.ProductPagesTest" name="testIsElementsDescriptionPresentUnderEachElementsTitle" time="9.225"/>
  <system-out/>
  <testcase classname="com.it_academy.onliner.test.web.ProductPagesTest" name="voidTestLogs" time="0.011"/>
  <system-out/>
  <testcase classname="com.it_academy.onliner.test.web.ProductPagesTest" name="testIsTitlesOfFooterExist" time="0.285"/>
  <system-out/>
  <testcase classname="com.it_academy.onliner.test.web.ProductPagesTest" name="testIsSectionsTitlesExists" time="2.376"/>
  <system-out/>
  <testcase classname="com.it_academy.onliner.test.web.ProductPagesTest" name="testIsElementsPresentInAccessoriesSection" time="3.742"/>
  <system-out/>
  <testcase classname="com.it_academy.onliner.test.web.ProductPagesTest" name="testIsFullDescriptionOfEachProductExists" time="13.875"/>
  <system-out/>
</testsuite> <!-- com.it_academy.onliner.test.web.ProductPagesTest -->
